<?xml version="1.0" encoding="UTF-8"?>
<!-- Generated by org.testng.reporters.JUnitReportReporter -->
<testsuite skipped="0" hostname="DESKTOP-33IJR0N" name="com.training.sanity.tests.SignupTests" tests="1" failures="0" timestamp="20 Dec 2018 04:21:53 GMT" time="17.518" errors="0">
  <testcase name="signUp" time="17.518" classname="com.training.sanity.tests.SignupTests"/>
</testsuite> <!-- com.training.sanity.tests.SignupTests -->
