<?xml version="1.0" encoding="UTF-8"?>
<!-- Generated by org.testng.reporters.JUnitReportReporter -->
<testsuite skipped="0" hostname="DESKTOP-33IJR0N" name="com.training.sanity.tests.ChangePassword" tests="1" failures="0" timestamp="20 Dec 2018 16:10:39 GMT" time="69.865" errors="0">
  <testcase name="editPasswordTest" time="69.865" classname="com.training.sanity.tests.ChangePassword"/>
</testsuite> <!-- com.training.sanity.tests.ChangePassword -->
