<?xml version="1.0" encoding="UTF-8"?>
<!-- Generated by org.testng.reporters.JUnitReportReporter -->
<testsuite skipped="0" hostname="DESKTOP-33IJR0N" name="com.training.sanity.tests.LostPassword" tests="1" failures="0" timestamp="24 Dec 2018 04:57:27 GMT" time="4.351" errors="0">
  <testcase name="lostpasswordTest" time="4.351" classname="com.training.sanity.tests.LostPassword"/>
</testsuite> <!-- com.training.sanity.tests.LostPassword -->
