<?xml version="1.0" encoding="UTF-8"?>
<!-- Generated by org.testng.reporters.JUnitReportReporter -->
<testsuite skipped="0" hostname="DESKTOP-33IJR0N" name="com.training.sanity.tests.SignupTeacherTests" tests="1" failures="0" timestamp="20 Dec 2018 16:26:38 GMT" time="45.877" errors="0">
  <testcase name="signUpTeacher" time="45.877" classname="com.training.sanity.tests.SignupTeacherTests"/>
</testsuite> <!-- com.training.sanity.tests.SignupTeacherTests -->
